生成启动时间为 2018/9/21 星期五 19:50:04。
     1>项目“E:\资料\数据结构\排序\排序\排序.vcxproj”在节点 2 上(Build 个目标)。
     1>ClCompile:
         D:\Program Files (x86)\Microsoft Visual Studio 12.0\VC\bin\CL.exe /c /ZI /nologo /W3 /WX- /sdl /Od /Oy- /D WIN32 /D _DEBUG /D _CONSOLE /D _LIB /D _UNICODE /D UNICODE /Gm /EHsc /RTC1 /MDd /GS /fp:precise /Zc:wchar_t /Zc:forScope /Fo"Debug\\" /Fd"Debug\vc120.pdb" /Gd /TC /analyze- /errorReport:prompt Main.c
         Main.c
     1>e:\资料\数据结构\排序\排序\main.c(17): warning C4013: “InsetSort”未定义；假设外部返回 int
     1>e:\资料\数据结构\排序\排序\main.c(19): warning C4013: “InsetSort2”未定义；假设外部返回 int
     1>e:\资料\数据结构\排序\排序\main.c(23): warning C4013: “ShellSort”未定义；假设外部返回 int
     1>e:\资料\数据结构\排序\排序\main.c(25): warning C4013: “ShellSortNor”未定义；假设外部返回 int
     1>e:\资料\数据结构\排序\排序\main.c(29): warning C4013: “HeapSort”未定义；假设外部返回 int
     1>e:\资料\数据结构\排序\排序\main.c(33): warning C4013: “SelectSortOP”未定义；假设外部返回 int
     1>e:\资料\数据结构\排序\排序\main.c(37): warning C4013: “BubbleSort”未定义；假设外部返回 int
     1>e:\资料\数据结构\排序\排序\main.c(41): warning C4013: “Partion_1”未定义；假设外部返回 int
     1>e:\资料\数据结构\排序\排序\main.c(43): warning C4013: “Partion_2”未定义；假设外部返回 int
     1>e:\资料\数据结构\排序\排序\main.c(45): warning C4013: “Partion_3”未定义；假设外部返回 int
     1>e:\资料\数据结构\排序\排序\main.c(49): warning C4013: “__QuickSort”未定义；假设外部返回 int
     1>e:\资料\数据结构\排序\排序\main.c(53): warning C4013: “MergeSortLoop”未定义；假设外部返回 int
       Link:
         D:\Program Files (x86)\Microsoft Visual Studio 12.0\VC\bin\link.exe /ERRORREPORT:PROMPT /OUT:"E:\资料\数据结构\排序\Debug\排序.exe" /INCREMENTAL /NOLOGO kernel32.lib user32.lib gdi32.lib winspool.lib comdlg32.lib advapi32.lib shell32.lib ole32.lib oleaut32.lib uuid.lib odbc32.lib odbccp32.lib /MANIFEST /MANIFESTUAC:"level='asInvoker' uiAccess='false'" /manifest:embed /DEBUG /PDB:"E:\资料\数据结构\排序\Debug\排序.pdb" /SUBSYSTEM:CONSOLE /TLBID:1 /DYNAMICBASE /NXCOMPAT /IMPLIB:"E:\资料\数据结构\排序\Debug\排序.lib" /MACHINE:X86 Debug\Main.obj
         Debug\Sort.obj
         排序.vcxproj -> E:\资料\数据结构\排序\Debug\排序.exe
     1>已完成生成项目“E:\资料\数据结构\排序\排序\排序.vcxproj”(Build 个目标)的操作。

生成成功。

已用时间 00:00:01.02
