生成启动时间为 2018/9/18 星期二 20:40:03。
     1>项目“E:\资料\数据结构\作业1\作业1\作业1.vcxproj”在节点 2 上(Build 个目标)。
     1>ClCompile:
         D:\Program Files (x86)\Microsoft Visual Studio 12.0\VC\bin\CL.exe /c /ZI /nologo /W3 /WX- /sdl /Od /Oy- /D WIN32 /D _DEBUG /D _CONSOLE /D _LIB /D _UNICODE /D UNICODE /Gm /EHsc /RTC1 /MDd /GS /fp:precise /Zc:wchar_t /Zc:forScope /Fo"Debug\\" /Fd"Debug\vc120.pdb" /Gd /TC /analyze- /errorReport:prompt "二叉树.c"
         二叉树.c
     1>e:\资料\数据结构\作业1\作业1\二叉树.c(181): warning C4133: “函数”: 从“TreeNode *”到“QDataType”的类型不兼容
     1>e:\资料\数据结构\作业1\作业1\二叉树.c(183): warning C4133: “=”: 从“QDataType”到“TreeNode *”的类型不兼容
     1>e:\资料\数据结构\作业1\作业1\二叉树.c(187): warning C4133: “函数”: 从“TreeNode *”到“QDataType”的类型不兼容
     1>e:\资料\数据结构\作业1\作业1\二叉树.c(191): warning C4133: “函数”: 从“TreeNode *”到“QDataType”的类型不兼容
     1>e:\资料\数据结构\作业1\作业1\二叉树.c(195): warning C4133: “函数”: 从“int *”到“TreeNode *”的类型不兼容
     1>e:\资料\数据结构\作业1\作业1\二叉树.c(272): warning C4133: “函数”: 从“TreeNode *”到“StackDataType”的类型不兼容
     1>e:\资料\数据结构\作业1\作业1\二叉树.c(276): warning C4133: “=”: 从“StackDataType”到“TreeNode *”的类型不兼容
     1>e:\资料\数据结构\作业1\作业1\二叉树.c(281): warning C4133: “函数”: 从“int *”到“TreeNode *”的类型不兼容
     1>e:\资料\数据结构\作业1\作业1\二叉树.c(386): warning C4047: “函数”:“BTreeNode **”与“int”的间接级别不同
     1>e:\资料\数据结构\作业1\作业1\二叉树.c(386): warning C4024: “RemoveLeftNULL”: 形参和实参 1 的类型不同
     1>e:\资料\数据结构\作业1\作业1\二叉树.c(386): warning C4047: “函数”:“BTreeNode *”与“BTreeNode **”的间接级别不同
     1>e:\资料\数据结构\作业1\作业1\二叉树.c(386): warning C4024: “RemoveLeftNULL”: 形参和实参 3 的类型不同
     1>e:\资料\数据结构\作业1\作业1\二叉树.c(386): warning C4047: “函数”:“int”与“BTreeNode *”的间接级别不同
     1>e:\资料\数据结构\作业1\作业1\二叉树.c(386): warning C4024: “RemoveLeftNULL”: 形参和实参 4 的类型不同
     1>e:\资料\数据结构\作业1\作业1\二叉树.c(390): warning C4047: “函数”:“BTreeNode **”与“int”的间接级别不同
     1>e:\资料\数据结构\作业1\作业1\二叉树.c(390): warning C4024: “RemoveRightNULL”: 形参和实参 1 的类型不同
     1>e:\资料\数据结构\作业1\作业1\二叉树.c(390): warning C4047: “函数”:“BTreeNode *”与“BTreeNode **”的间接级别不同
     1>e:\资料\数据结构\作业1\作业1\二叉树.c(390): warning C4024: “RemoveRightNULL”: 形参和实参 3 的类型不同
     1>e:\资料\数据结构\作业1\作业1\二叉树.c(390): warning C4047: “函数”:“int”与“BTreeNode *”的间接级别不同
     1>e:\资料\数据结构\作业1\作业1\二叉树.c(390): warning C4024: “RemoveRightNULL”: 形参和实参 4 的类型不同
     1>e:\资料\数据结构\作业1\作业1\二叉树.c(433): warning C4133: “函数”: 从“TreeNode **”到“BTreeNode **”的类型不兼容
       Link:
         D:\Program Files (x86)\Microsoft Visual Studio 12.0\VC\bin\link.exe /ERRORREPORT:PROMPT /OUT:"E:\资料\数据结构\作业1\Debug\作业1.exe" /INCREMENTAL /NOLOGO kernel32.lib user32.lib gdi32.lib winspool.lib comdlg32.lib advapi32.lib shell32.lib ole32.lib oleaut32.lib uuid.lib odbc32.lib odbccp32.lib /MANIFEST /MANIFESTUAC:"level='asInvoker' uiAccess='false'" /manifest:embed /DEBUG /PDB:"E:\资料\数据结构\作业1\Debug\作业1.pdb" /SUBSYSTEM:CONSOLE /TLBID:1 /DYNAMICBASE /NXCOMPAT /IMPLIB:"E:\资料\数据结构\作业1\Debug\作业1.lib" /MACHINE:X86 "Debug\二叉树.obj"
         作业1.vcxproj -> E:\资料\数据结构\作业1\Debug\作业1.exe
     1>已完成生成项目“E:\资料\数据结构\作业1\作业1\作业1.vcxproj”(Build 个目标)的操作。

生成成功。

已用时间 00:00:04.36
