[2019-04-08 18:11:16] [info]  [18624] Commons Daemon procrun (1.1.0.0 64-bit) started
[2019-04-08 18:11:16] [info]  [18624] Debugging 'tomcat9' service...
[2019-04-08 18:11:16] [info]  [18624] Starting service...
[2019-04-08 18:11:17] [info]  [18624] Service started in 1207 ms.
[2019-04-08 18:17:15] [info]  [17036] Console CTRL+CLOSE event signaled
[2019-04-08 18:17:16] [info]  [17036] Stopping service...
[2019-04-08 18:17:17] [info]  [17036] Service stop thread completed.
[2019-04-08 18:17:39] [info]  [15400] Commons Daemon procrun (1.1.0.0 64-bit) started
[2019-04-08 18:17:39] [info]  [15400] Debugging 'tomcat9' service...
[2019-04-08 18:17:39] [info]  [15400] Starting service...
[2019-04-08 18:17:40] [info]  [15400] Service started in 1212 ms.
[2019-04-08 18:19:33] [info]  [10008] Console CTRL+CLOSE event signaled
[2019-04-08 18:19:33] [info]  [10008] Stopping service...
[2019-04-08 18:29:24] [info]  [ 3200] Commons Daemon procrun (1.1.0.0 64-bit) started
[2019-04-08 18:29:24] [info]  [ 3200] Debugging 'tomcat9' service...
[2019-04-08 18:29:24] [info]  [ 3200] Starting service...
[2019-04-08 18:29:25] [info]  [ 3200] Service started in 1209 ms.
[2019-04-08 18:29:48] [info]  [15316] Console CTRL+CLOSE event signaled
[2019-04-08 18:29:48] [info]  [15316] Stopping service...
[2019-04-08 18:29:49] [info]  [15316] Service stop thread completed.
[2019-04-08 18:40:34] [info]  [11672] Commons Daemon procrun (1.1.0.0 64-bit) started
[2019-04-08 18:40:34] [info]  [11672] Debugging 'tomcat9' service...
[2019-04-08 18:40:34] [info]  [11672] Starting service...
[2019-04-08 18:40:35] [info]  [11672] Service started in 1196 ms.
[2019-04-08 18:42:08] [info]  [22160] Console CTRL+CLOSE event signaled
[2019-04-08 18:42:08] [info]  [22160] Stopping service...
[2019-04-08 18:42:09] [info]  [22160] Service stop thread completed.
[2019-04-08 21:56:35] [info]  [15852] Commons Daemon procrun (1.1.0.0 64-bit) started
[2019-04-08 21:56:35] [info]  [15852] Debugging 'tomcat9' service...
[2019-04-08 21:56:35] [info]  [15852] Starting service...
[2019-04-08 21:56:36] [info]  [15852] Service started in 1297 ms.
[2019-04-08 22:15:49] [info]  [12564] Console CTRL+CLOSE event signaled
[2019-04-08 22:15:49] [info]  [12564] Stopping service...
[2019-04-08 22:15:51] [info]  [12564] Service stop thread completed.
