[2019-04-10 18:36:21] [info]  [ 9100] Commons Daemon procrun (1.1.0.0 64-bit) started
[2019-04-10 18:36:21] [info]  [ 9100] Debugging 'tomcat9' service...
[2019-04-10 18:36:21] [info]  [ 9100] Starting service...
[2019-04-10 18:36:23] [info]  [ 9100] Service started in 1279 ms.
[2019-04-10 18:37:52] [info]  [20064] Console CTRL+CLOSE event signaled
[2019-04-10 18:37:52] [info]  [20064] Stopping service...
[2019-04-10 18:37:54] [info]  [20064] Service stop thread completed.
[2019-04-10 18:40:15] [info]  [22236] Commons Daemon procrun (1.1.0.0 64-bit) started
[2019-04-10 18:40:15] [info]  [22236] Debugging 'tomcat9' service...
[2019-04-10 18:40:15] [info]  [22236] Starting service...
[2019-04-10 18:40:16] [info]  [22236] Service started in 1273 ms.
[2019-04-10 18:42:33] [info]  [19112] Console CTRL+CLOSE event signaled
[2019-04-10 18:42:33] [info]  [19112] Stopping service...
[2019-04-10 18:44:37] [info]  [ 7056] Commons Daemon procrun (1.1.0.0 64-bit) started
[2019-04-10 18:44:37] [info]  [ 7056] Debugging 'tomcat9' service...
[2019-04-10 18:44:37] [info]  [ 7056] Starting service...
[2019-04-10 18:44:38] [info]  [ 7056] Service started in 1286 ms.
[2019-04-10 18:49:14] [info]  [13628] Console CTRL+CLOSE event signaled
[2019-04-10 18:49:14] [info]  [13628] Stopping service...
[2019-04-10 18:49:16] [info]  [13628] Service stop thread completed.
[2019-04-10 18:50:05] [info]  [ 1344] Commons Daemon procrun (1.1.0.0 64-bit) started
[2019-04-10 18:50:05] [info]  [ 1344] Debugging 'tomcat9' service...
[2019-04-10 18:50:05] [info]  [ 1344] Starting service...
[2019-04-10 18:50:07] [info]  [ 1344] Service started in 1268 ms.
[2019-04-10 18:54:27] [info]  [17132] Console CTRL+CLOSE event signaled
[2019-04-10 18:54:27] [info]  [17132] Stopping service...
[2019-04-10 18:54:28] [info]  [17132] Service stop thread completed.
[2019-04-10 19:02:58] [info]  [14724] Commons Daemon procrun (1.1.0.0 64-bit) started
[2019-04-10 19:02:58] [info]  [14724] Debugging 'tomcat9' service...
[2019-04-10 19:02:58] [info]  [14724] Starting service...
[2019-04-10 19:02:59] [info]  [14724] Service started in 1313 ms.
[2019-04-10 21:42:05] [info]  [ 4396] Console CTRL+CLOSE event signaled
[2019-04-10 21:42:05] [info]  [ 4396] Stopping service...
[2019-04-10 21:42:08] [info]  [ 4396] Service stop thread completed.
